<?xml version="1.0" encoding="UTF-8"?>
<Site BuildName="(empty)"
	BuildStamp="20260619-2106-Experimental"
	Name="(empty)"
	Generator="ctest-4.3.3"
	CompilerName=""
	CompilerVersion=""
	OSName="Windows"
	Hostname="DESKTOP-MNIAHHM"
	OSRelease="10.0.26200"
	OSVersion="Windows 10"
	OSPlatform="AMD64"
	Is64Bits="1"
	VendorString="GenuineIntel"
	VendorID="Intel Corporation"
	FamilyID="6"
	ModelID="10"
	ModelName=""
	ProcessorCacheSize="-1"
	NumberOfLogicalCPU="12"
	NumberOfPhysicalCPU="10"
	TotalVirtualMemory="22528"
	TotalPhysicalMemory="16068"
	LogicalProcessorsPerPhysical="1"
	ProcessorClockFrequency="1700.000000"
	>
	<Testing>
		<StartDateTime>Jun 20 02:36 India Standard Time</StartDateTime>
		<StartTestTime>1781903161</StartTestTime>
		<TestList/>
		<EndDateTime>Jun 20 02:36 India Standard Time</EndDateTime>
		<EndTestTime>1781903161</EndTestTime>
		<ElapsedMinutes>0</ElapsedMinutes>
	</Testing>
</Site>
